<?xml version="1.0" encoding="UTF-8"?>
<testng-results ignored="0" total="1" passed="1" failed="0" skipped="0">
  <reporter-output>
  </reporter-output>
  <suite started-at="2023-01-17T17:20:01 EST" name="Surefire suite" finished-at="2023-01-17T17:20:41 EST" duration-ms="40300">
    <groups>
      <group name="cucumber">
        <method signature="AbstractTestNGCucumberTests.feature(cucumber.api.testng.CucumberFeatureWrapper)[pri:0, instance:testRunnerBlaze.TestRunnerBlaze@7a419da4]" name="feature" class="cucumber.api.testng.AbstractTestNGCucumberTests"/>
      </group> <!-- cucumber -->
    </groups>
    <test started-at="2023-01-17T17:20:01 EST" name="Surefire test" finished-at="2023-01-17T17:20:41 EST" duration-ms="40300">
      <class name="testRunnerBlaze.TestRunnerBlaze">
        <test-method is-config="true" signature="blazesetup()[pri:0, instance:testRunnerBlaze.TestRunnerBlaze@7a419da4]" started-at="2023-01-17T17:20:01 EST" name="blazesetup" finished-at="2023-01-17T17:20:06 EST" duration-ms="5631" status="PASS">
          <reporter-output>
          </reporter-output>
        </test-method> <!-- blazesetup -->
        <test-method is-config="true" signature="setUpClass()[pri:0, instance:testRunnerBlaze.TestRunnerBlaze@7a419da4]" started-at="2023-01-17T17:20:06 EST" name="setUpClass" finished-at="2023-01-17T17:20:06 EST" duration-ms="232" status="PASS">
          <reporter-output>
          </reporter-output>
        </test-method> <!-- setUpClass -->
        <test-method signature="feature(cucumber.api.testng.CucumberFeatureWrapper)[pri:0, instance:testRunnerBlaze.TestRunnerBlaze@7a419da4]" started-at="2023-01-17T17:20:07 EST" name="feature" description="Runs Cucumber Feature" data-provider="features" finished-at="2023-01-17T17:20:41 EST" duration-ms="34173" status="PASS">
          <params>
            <param index="0">
              <value>
                <![CDATA[This feature is for order confirmation functionality]]>
              </value>
            </param>
          </params>
          <reporter-output>
          </reporter-output>
        </test-method> <!-- feature -->
        <test-method is-config="true" signature="tearDownClass()[pri:0, instance:testRunnerBlaze.TestRunnerBlaze@7a419da4]" started-at="2023-01-17T17:20:41 EST" name="tearDownClass" finished-at="2023-01-17T17:20:41 EST" duration-ms="18" status="PASS">
          <reporter-output>
          </reporter-output>
        </test-method> <!-- tearDownClass -->
        <test-method is-config="true" signature="blazeClosureURL()[pri:0, instance:testRunnerBlaze.TestRunnerBlaze@7a419da4]" started-at="2023-01-17T17:20:41 EST" name="blazeClosureURL" finished-at="2023-01-17T17:20:41 EST" duration-ms="0" status="PASS">
          <reporter-output>
          </reporter-output>
        </test-method> <!-- blazeClosureURL -->
      </class> <!-- testRunnerBlaze.TestRunnerBlaze -->
    </test> <!-- Surefire test -->
  </suite> <!-- Surefire suite -->
</testng-results>
