<?xml version="1.0" encoding="UTF-8"?>
<testng-results ignored="0" total="1" passed="1" failed="0" skipped="0">
  <reporter-output>
  </reporter-output>
  <suite started-at="2023-01-17T16:58:43 EST" name="Default suite" finished-at="2023-01-17T17:00:02 EST" duration-ms="78286">
    <groups>
      <group name="cucumber">
        <method signature="AbstractTestNGCucumberTests.feature(cucumber.api.testng.CucumberFeatureWrapper)[pri:0, instance:testRunnerBlaze.TestRunnerBlaze@231f98ef]" name="feature" class="cucumber.api.testng.AbstractTestNGCucumberTests"/>
      </group> <!-- cucumber -->
    </groups>
    <test started-at="2023-01-17T16:58:43 EST" name="Default test" finished-at="2023-01-17T17:00:02 EST" duration-ms="78286">
      <class name="testRunnerBlaze.TestRunnerBlaze">
        <test-method is-config="true" signature="blazesetup()[pri:0, instance:testRunnerBlaze.TestRunnerBlaze@231f98ef]" started-at="2023-01-17T16:58:44 EST" name="blazesetup" finished-at="2023-01-17T16:59:03 EST" duration-ms="19725" status="PASS">
          <reporter-output>
          </reporter-output>
        </test-method> <!-- blazesetup -->
        <test-method is-config="true" signature="setUpClass()[pri:0, instance:testRunnerBlaze.TestRunnerBlaze@231f98ef]" started-at="2023-01-17T16:59:03 EST" name="setUpClass" finished-at="2023-01-17T16:59:04 EST" duration-ms="625" status="PASS">
          <reporter-output>
          </reporter-output>
        </test-method> <!-- setUpClass -->
        <test-method signature="feature(cucumber.api.testng.CucumberFeatureWrapper)[pri:0, instance:testRunnerBlaze.TestRunnerBlaze@231f98ef]" started-at="2023-01-17T16:59:05 EST" name="feature" description="Runs Cucumber Feature" data-provider="features" finished-at="2023-01-17T17:00:01 EST" duration-ms="56385" status="PASS">
          <params>
            <param index="0">
              <value>
                <![CDATA[This feature is for order confirmation functionality]]>
              </value>
            </param>
          </params>
          <reporter-output>
          </reporter-output>
        </test-method> <!-- feature -->
        <test-method is-config="true" signature="tearDownClass()[pri:0, instance:testRunnerBlaze.TestRunnerBlaze@231f98ef]" started-at="2023-01-17T17:00:01 EST" name="tearDownClass" finished-at="2023-01-17T17:00:02 EST" duration-ms="822" status="PASS">
          <reporter-output>
          </reporter-output>
        </test-method> <!-- tearDownClass -->
        <test-method is-config="true" signature="blazeClosureURL()[pri:0, instance:testRunnerBlaze.TestRunnerBlaze@231f98ef]" started-at="2023-01-17T17:00:02 EST" name="blazeClosureURL" finished-at="2023-01-17T17:00:02 EST" duration-ms="2" status="PASS">
          <reporter-output>
          </reporter-output>
        </test-method> <!-- blazeClosureURL -->
      </class> <!-- testRunnerBlaze.TestRunnerBlaze -->
    </test> <!-- Default test -->
  </suite> <!-- Default suite -->
</testng-results>
